#
# There is insufficient memory for the Java Runtime Environment to continue.
# Native memory allocation (mmap) failed to map 266338304 bytes for Failed to commit area from 0x0000000703800000 to 0x0000000713600000 of length 266338304.
# Possible reasons:
#   The system is out of physical RAM or swap space
#   The process is running with CompressedOops enabled, and the Java Heap may be blocking the growth of the native heap
# Possible solutions:
#   Reduce memory load on the system
#   Increase physical memory or swap space
#   Check if swap backing store is full
#   Decrease Java heap size (-Xmx/-Xms)
#   Decrease number of Java threads
#   Decrease Java thread stack sizes (-Xss)
#   Set larger code cache with -XX:ReservedCodeCacheSize=
# This output file may be truncated or incomplete.
#
#  Out of Memory Error (./src/hotspot/os/windows/os_windows.cpp:3303), pid=15096, tid=6892
#
# JRE version:  (11.0.9.1+11) (build )
# Java VM: OpenJDK 64-Bit Server VM (11.0.9.1+11-b1145.77, mixed mode, sharing, tiered, compressed oops, g1 gc, windows-amd64)
# No core dump will be written. Minidumps are not enabled by default on client versions of Windows
#

---------------  S U M M A R Y ------------

Command Line: org.jetbrains.git4idea.http.GitAskPassApp Username for 'https://gitlab-sjc.cisco.com': 

Host: Intel(R) Core(TM) i7-8665U CPU @ 1.90GHz, 8 cores, 15G,  Windows 10 , 64 bit Build 18362 (10.0.18362.1350)
Time: Mon Apr 19 14:35:18 2021 China Standard Time elapsed time: 0.019419 seconds (0d 0h 0m 0s)

---------------  T H R E A D  ---------------

Current thread (0x000001b11b11c800):  JavaThread "Unknown thread" [_thread_in_vm, id=6892, stack(0x0000005261900000,0x0000005261a00000)]

Stack: [0x0000005261900000,0x0000005261a00000]
Native frames: (J=compiled Java code, j=interpreted, Vv=VM code, C=native code)
V  [jvm.dll+0x5edd9a]
V  [jvm.dll+0x7229c5]
V  [jvm.dll+0x723f1d]
V  [jvm.dll+0x7245d3]
V  [jvm.dll+0x2431b8]
V  [jvm.dll+0x5eb234]
V  [jvm.dll+0x5e0325]
V  [jvm.dll+0x2fe60b]
V  [jvm.dll+0x2fe57a]
V  [jvm.dll+0x2fe452]
V  [jvm.dll+0x303346]
V  [jvm.dll+0x34ba83]
V  [jvm.dll+0x34c186]
V  [jvm.dll+0x34bb83]
V  [jvm.dll+0x2d9218]
V  [jvm.dll+0x2da3c7]
V  [jvm.dll+0x701a67]
V  [jvm.dll+0x70325c]
V  [jvm.dll+0x359049]
V  [jvm.dll+0x6e552e]
V  [jvm.dll+0x3c1353]
V  [jvm.dll+0x3c3571]
C  [jli.dll+0x5373]
C  [ucrtbase.dll+0x210b2]
C  [KERNEL32.DLL+0x17c24]
C  [ntdll.dll+0x6d721]


---------------  P R O C E S S  ---------------

Threads class SMR info:
_java_thread_list=0x000001b11b017b50, length=0, elements={
}

Java Threads: ( => current thread )

Other Threads:
  0x000001b11b133800 GCTaskThread "GC Thread#0" [stack: 0x0000005261a00000,0x0000005261b00000] [id=31384]
  0x000001b11b192800 ConcurrentGCThread "G1 Main Marker" [stack: 0x0000005261b00000,0x0000005261c00000] [id=7616]
  0x000001b11b194000 ConcurrentGCThread "G1 Conc#0" [stack: 0x0000005261c00000,0x0000005261d00000] [id=22456]

[error occurred during error reporting (printing all threads), id 0xc0000005, EXCEPTION_ACCESS_VIOLATION (0xc0000005) at pc=0x00007fff8faf9807]

VM state:not at safepoint (not fully initialized)

VM Mutex/Monitor currently owned by a thread:  ([mutex/lock_event])
[0x000001b11b11ad90] Heap_lock - owner thread: 0x000001b11b11c800

Heap address: 0x0000000703800000, size: 4040 MB, Compressed Oops mode: Non-zero based: 0x0000000703800000
Narrow klass base: 0x0000000000000000, Narrow klass shift: 0

GC Heap History (0 events):
No events

Deoptimization events (0 events):
No events

Classes redefined (0 events):
No events

Internal exceptions (0 events):
No events

Events (1 events):
Event: 0.010 Loaded shared library C:\Program Files\JetBrains\PyCharm Community Edition 2020.2.3\jbr\bin\zip.dll


Dynamic libraries:
0x00007ff674850000 - 0x00007ff67485a000 	C:\Program Files\JetBrains\PyCharm Community Edition 2020.2.3\jbr\bin\java.exe
0x00007ff8389a0000 - 0x00007ff838b90000 	C:\Windows\SYSTEM32\ntdll.dll
0x00007ff837270000 - 0x00007ff837322000 	C:\Windows\System32\KERNEL32.DLL
0x00007ff836360000 - 0x00007ff836605000 	C:\Windows\System32\KERNELBASE.dll
0x00007ff836260000 - 0x00007ff83635a000 	C:\Windows\System32\ucrtbase.dll
0x00007ff812420000 - 0x00007ff812437000 	C:\Program Files\JetBrains\PyCharm Community Edition 2020.2.3\jbr\bin\VCRUNTIME140.dll
0x00007ff8125e0000 - 0x00007ff8125f9000 	C:\Program Files\JetBrains\PyCharm Community Edition 2020.2.3\jbr\bin\jli.dll
0x00007ff837c80000 - 0x00007ff837e14000 	C:\Windows\System32\USER32.dll
0x00007ff836930000 - 0x00007ff836951000 	C:\Windows\System32\win32u.dll
0x00007ff813310000 - 0x00007ff813594000 	C:\Windows\WinSxS\amd64_microsoft.windows.common-controls_6595b64144ccf1df_6.0.18362.1379_none_9e7ff3b3e45cc0c4\COMCTL32.dll
0x00007ff837e20000 - 0x00007ff837e46000 	C:\Windows\System32\GDI32.dll
0x00007ff837bb0000 - 0x00007ff837c4e000 	C:\Windows\System32\msvcrt.dll
0x00007ff836790000 - 0x00007ff836928000 	C:\Windows\System32\gdi32full.dll
0x00007ff837440000 - 0x00007ff837777000 	C:\Windows\System32\combase.dll
0x00007ff836960000 - 0x00007ff8369fe000 	C:\Windows\System32\msvcp_win.dll
0x00007ff8379c0000 - 0x00007ff837adf000 	C:\Windows\System32\RPCRT4.dll
0x00007ff835a30000 - 0x00007ff835ab1000 	C:\Windows\System32\bcryptPrimitives.dll
0x00007ff837c50000 - 0x00007ff837c7e000 	C:\Windows\System32\IMM32.DLL
0x00007ff80bcd0000 - 0x00007ff80bd6d000 	C:\Program Files\JetBrains\PyCharm Community Edition 2020.2.3\jbr\bin\msvcp140.dll
0x00007fff8f810000 - 0x00007fff902de000 	C:\Program Files\JetBrains\PyCharm Community Edition 2020.2.3\jbr\bin\server\jvm.dll
0x00007ff837390000 - 0x00007ff837433000 	C:\Windows\System32\ADVAPI32.dll
0x00007ff837e60000 - 0x00007ff837ef7000 	C:\Windows\System32\sechost.dll
0x00007ff837e50000 - 0x00007ff837e58000 	C:\Windows\System32\PSAPI.DLL
0x00007ff828e10000 - 0x00007ff828e34000 	C:\Windows\SYSTEM32\WINMM.dll
0x00007ff818250000 - 0x00007ff818259000 	C:\Windows\SYSTEM32\WSOCK32.dll
0x00007ff82b4f0000 - 0x00007ff82b4fa000 	C:\Windows\SYSTEM32\VERSION.dll
0x00007ff837f00000 - 0x00007ff837f6f000 	C:\Windows\System32\WS2_32.dll
0x00007ff828de0000 - 0x00007ff828e0d000 	C:\Windows\SYSTEM32\WINMMBASE.dll
0x00007ff836a00000 - 0x00007ff836a4a000 	C:\Windows\System32\cfgmgr32.dll
0x00007ff835860000 - 0x00007ff835871000 	C:\Windows\System32\kernel.appcore.dll
0x00007ffff8ad0000 - 0x00007ffff8ae1000 	C:\Program Files\JetBrains\PyCharm Community Edition 2020.2.3\jbr\bin\verify.dll
0x00007ff833fa0000 - 0x00007ff834194000 	C:\Windows\SYSTEM32\DBGHELP.DLL
0x00007ff816af0000 - 0x00007ff816b1a000 	C:\Windows\SYSTEM32\dbgcore.DLL
0x00007ffff5160000 - 0x00007ffff5189000 	C:\Program Files\JetBrains\PyCharm Community Edition 2020.2.3\jbr\bin\java.dll
0x00007ff827000000 - 0x00007ff82700b000 	C:\Program Files\JetBrains\PyCharm Community Edition 2020.2.3\jbr\bin\jimage.dll
0x00007ffff7c00000 - 0x00007ffff7c18000 	C:\Program Files\JetBrains\PyCharm Community Edition 2020.2.3\jbr\bin\zip.dll

dbghelp: loaded successfully - version: 4.0.5 - missing functions: none
symbol engine: initialized successfully - sym options: 0x614 - pdb path: .;C:\Program Files\JetBrains\PyCharm Community Edition 2020.2.3\jbr\bin;C:\Windows\SYSTEM32;C:\Windows\WinSxS\amd64_microsoft.windows.common-controls_6595b64144ccf1df_6.0.18362.1379_none_9e7ff3b3e45cc0c4;C:\Program Files\JetBrains\PyCharm Community Edition 2020.2.3\jbr\bin\server

VM Arguments:
java_command: org.jetbrains.git4idea.http.GitAskPassApp Username for 'https://gitlab-sjc.cisco.com': 
java_class_path (initial): C:/Program Files/JetBrains/PyCharm Community Edition 2020.2.3/plugins/git4idea/lib/git4idea-rt.jar;C:/Program Files/JetBrains/PyCharm Community Edition 2020.2.3/lib/xmlrpc-2.0.1.jar;C:/Program Files/JetBrains/PyCharm Community Edition 2020.2.3/lib/commons-codec-1.14.jar
Launcher Type: SUN_STANDARD

[Global flags]
     intx CICompilerCount                          = 4                                         {product} {ergonomic}
     uint ConcGCThreads                            = 2                                         {product} {ergonomic}
     uint G1ConcRefinementThreads                  = 8                                         {product} {ergonomic}
   size_t G1HeapRegionSize                         = 1048576                                   {product} {ergonomic}
    uintx GCDrainStackTargetSize                   = 64                                        {product} {ergonomic}
   size_t InitialHeapSize                          = 266338304                                 {product} {ergonomic}
   size_t MarkStackSize                            = 4194304                                   {product} {ergonomic}
   size_t MaxHeapSize                              = 4236247040                                {product} {ergonomic}
   size_t MinHeapDeltaBytes                        = 1048576                                   {product} {ergonomic}
    uintx NonNMethodCodeHeapSize                   = 5836300                                {pd product} {ergonomic}
    uintx NonProfiledCodeHeapSize                  = 122910970                              {pd product} {ergonomic}
    uintx ProfiledCodeHeapSize                     = 122910970                              {pd product} {ergonomic}
    uintx ReservedCodeCacheSize                    = 251658240                              {pd product} {ergonomic}
     bool SegmentedCodeCache                       = true                                      {product} {ergonomic}
     bool UseCompressedClassPointers               = true                                 {lp64_product} {ergonomic}
     bool UseCompressedOops                        = true                                 {lp64_product} {ergonomic}
     bool UseG1GC                                  = true                                      {product} {ergonomic}
     bool UseLargePagesIndividualAllocation        = false                                  {pd product} {ergonomic}

Logging:
Log output configuration:
 #0: stdout all=warning uptime,level,tags
 #1: stderr all=off uptime,level,tags

Environment Variables:
PATH=C:\Program Files\Git\mingw64\libexec\git-core;C:\Program Files\Git\mingw64\libexec\git-core;C:\Program Files\Git\mingw64\bin;C:\Program Files\Git\usr\bin;C:\Users\jraluta\bin;C:\Windows\system32;C:\Windows;C:\Windows\System32\Wbem;C:\Windows\System32\WindowsPowerShell\v1.0;C:\Windows\System32\OpenSSH;C:\HashiCorp\Vagrant\bin;C:\Program Files\Git\cmd;C:\Program Files\Docker\Docker\resources\bin;C:\ProgramData\DockerDesktop\version-bin;C:\Program Files\MySQL\MySQL Shell 8.0\bin;C:\Users\jraluta\AppData\Local\Microsoft\WindowsApps;C:\Users\jraluta\AppData\Local\Programs\Microsoft VS Code\bin
USERNAME=jraluta
DISPLAY=:0.0
LC_ALL=en_US.UTF-8
OS=Windows_NT
PROCESSOR_IDENTIFIER=Intel64 Family 6 Model 142 Stepping 12, GenuineIntel



---------------  S Y S T E M  ---------------

OS: Windows 10 , 64 bit Build 18362 (10.0.18362.1350)
OS uptime: 7 days 3:40 hours
HyperV virtualization detected

CPU:total 8 (initial active 8) (4 cores per cpu, 2 threads per core) family 6 model 142 stepping 12, cmov, cx8, fxsr, mmx, sse, sse2, sse3, ssse3, sse4.1, sse4.2, popcnt, avx, avx2, aes, clmul, erms, 3dnowpref, lzcnt, ht, tsc, tscinvbit, bmi1, bmi2, adx, fma

Memory: 4k page, system-wide physical 16157M (2399M free)
TotalPageFile size 46522M (AvailPageFile size 82M)
current process WorkingSet (physical memory assigned to process): 10M, peak: 10M
current process commit charge ("private bytes"): 60M, peak: 314M

vm_info: OpenJDK 64-Bit Server VM (11.0.9.1+11-b1145.77) for windows-amd64 JRE (11.0.9.1+11-b1145.77), built on Jan 16 2021 05:14:13 by "" with MS VC++ 14.0 (VS2015)

END.
